<?xml version="1.0" encoding="utf-8"?><testsuites name="pytest tests"><testsuite name="pytest" errors="0" failures="2" skipped="0" tests="9" time="3.125" timestamp="2026-05-24T07:29:52.101661+00:00" hostname="agent-env-f0b9ecf2-3d50-4126-aedc-03dcdbb8e030"><testcase classname="tests.test_neura_backend.TestHealth" name="test_health_ok" time="0.297" /><testcase classname="tests.test_neura_backend.TestHealth" name="test_config_returns_stripe_keys" time="0.048" /><testcase classname="tests.test_neura_backend.TestAI" name="test_ai_insight_empty_user" time="0.511" /><testcase classname="tests.test_neura_backend.TestAI" name="test_ai_forecast_returns_30_days" time="0.201" /><testcase classname="tests.test_neura_backend.TestAI" name="test_ai_chat_returns_claude_reply" time="0.706"><failure message="AssertionError: {&quot;detail&quot;:&quot;AI error: 'LlmChat' object has no attribute 'with_max_tokens'&quot;}&#10;assert 500 == 200&#10; +  where 500 = &lt;Response [500]&gt;.status_code">tests/test_neura_backend.py:70: in test_ai_chat_returns_claude_reply
    assert r.status_code == 200, r.text
E   AssertionError: {"detail":"AI error: 'LlmChat' object has no attribute 'with_max_tokens'"}
E   assert 500 == 200
E    +  where 500 = &lt;Response [500]&gt;.status_code</failure></testcase><testcase classname="tests.test_neura_backend.TestAI" name="test_ai_chat_empty_message_rejected" time="0.043" /><testcase classname="tests.test_neura_backend.TestBilling" name="test_create_checkout_session_pro" time="0.999"><failure message="AssertionError: {&quot;detail&quot;:&quot;Request req_Ru5WSE0GzvMmI4: No such price: 'price_1TaVYpGsJ0sItovxU9tZtihW'&quot;}&#10;assert 500 == 200&#10; +  where 500 = &lt;Response [500]&gt;.status_code">tests/test_neura_backend.py:95: in test_create_checkout_session_pro
    assert r.status_code == 200, r.text
E   AssertionError: {"detail":"Request req_Ru5WSE0GzvMmI4: No such price: 'price_1TaVYpGsJ0sItovxU9tZtihW'"}
E   assert 500 == 200
E    +  where 500 = &lt;Response [500]&gt;.status_code</failure></testcase><testcase classname="tests.test_neura_backend.TestBilling" name="test_create_checkout_session_invalid_plan" time="0.045" /><testcase classname="tests.test_neura_backend.TestBilling" name="test_billing_portal_no_customer_returns_404" time="0.189" /></testsuite></testsuites>