<?xml version="1.0" encoding="utf-8"?><testsuites name="pytest tests"><testsuite name="pytest" errors="0" failures="0" skipped="0" tests="10" time="9.366" timestamp="2026-05-24T08:11:05.058117+00:00" hostname="agent-env-f0b9ecf2-3d50-4126-aedc-03dcdbb8e030"><testcase classname="tests.test_neura_backend.TestHealth" name="test_health_ok" time="0.341" /><testcase classname="tests.test_neura_backend.TestHealth" name="test_config_returns_stripe_keys" time="0.046" /><testcase classname="tests.test_neura_backend.TestAI" name="test_ai_insight_empty_user" time="0.755" /><testcase classname="tests.test_neura_backend.TestAI" name="test_ai_forecast_returns_30_days" time="0.193" /><testcase classname="tests.test_neura_backend.TestAI" name="test_ai_chat_returns_claude_reply" time="5.909" /><testcase classname="tests.test_neura_backend.TestAI" name="test_ai_chat_empty_message_rejected" time="0.047" /><testcase classname="tests.test_neura_backend.TestBilling" name="test_create_checkout_session_pro" time="1.535" /><testcase classname="tests.test_neura_backend.TestBilling" name="test_create_checkout_session_invalid_plan" time="0.049" /><testcase classname="tests.test_neura_backend.TestBilling" name="test_billing_portal_no_customer_returns_404" time="0.256" /><testcase classname="tests.test_neura_backend.TestBilling" name="test_webhook_no_signature_rejected" time="0.163" /></testsuite></testsuites>